<?xml version="1.0" encoding="UTF-8"?>
<!-- Generated by org.testng.reporters.JUnitReportReporter -->
<testsuite skipped="0" hostname="Fadwas-MBP.fios-router.home" name="com.class01.TitleLogoLoginvalidation" tests="3" failures="0" timestamp="2020-05-19T22:03:59 EDT" time="22.992" errors="0">
  <testcase name="titleValidation" time="5.031" classname="com.class01.TitleLogoLoginvalidation"/>
  <system-out/>
  <testcase name="validLogin" time="10.762" classname="com.class01.TitleLogoLoginvalidation"/>
  <system-out/>
  <testcase name="logoValidation" time="7.199" classname="com.class01.TitleLogoLoginvalidation"/>
  <system-out/>
</testsuite> <!-- com.class01.TitleLogoLoginvalidation -->
