<?xml version="1.0" encoding="UTF-8"?>
<!-- Generated by org.testng.reporters.JUnitReportReporter -->
<testsuite skipped="0" hostname="Fadwas-MBP.fios-router.home" name="com.pages.AssertionDemo" tests="1" failures="0" timestamp="2020-05-20T21:10:25 EDT" time="3.747" errors="0">
  <testcase name="titleValidation" time="3.747" classname="com.pages.AssertionDemo"/>
  <system-out/>
</testsuite> <!-- com.pages.AssertionDemo -->
