<?xml version="1.0" encoding="UTF-8"?>
<!-- Generated by org.testng.reporters.JUnitReportReporter -->
<testsuite skipped="0" hostname="Fadwas-MBP.fios-router.home" name="com.class01.TaskTwo" tests="2" failures="0" timestamp="2020-05-19T20:08:09 EDT" time="0.016" errors="0">
  <testcase name="test2" time="0.007" classname="com.class01.TaskTwo"/>
  <system-out/>
  <testcase name="test1" time="0.009" classname="com.class01.TaskTwo"/>
  <system-out/>
</testsuite> <!-- com.class01.TaskTwo -->
