<?xml version="1.0" encoding="UTF-8"?>
<!-- Generated by org.testng.reporters.JUnitReportReporter -->
<testsuite skipped="0" hostname="Fadwas-MBP.fios-router.home" name="com.class01.TestNgDemo" tests="3" failures="0" timestamp="2020-05-19T19:14:22 EDT" time="0.021" errors="0">
  <testcase name="testOne" time="0.011" classname="com.class01.TestNgDemo"/>
  <system-out/>
  <testcase name="testTwo" time="0.004" classname="com.class01.TestNgDemo"/>
  <system-out/>
  <testcase name="testThree" time="0.006" classname="com.class01.TestNgDemo"/>
  <system-out/>
</testsuite> <!-- com.class01.TestNgDemo -->
